<?xml version="1.0" encoding="UTF-8"?>
<testng-results skipped="0" failed="0" total="1" passed="1">
  <reporter-output>
  </reporter-output>
  <suite name="Default suite" duration-ms="319" started-at="2014-12-09T19:01:19Z" finished-at="2014-12-09T19:01:19Z">
    <groups>
    </groups>
    <test name="Default test" duration-ms="319" started-at="2014-12-09T19:01:19Z" finished-at="2014-12-09T19:01:19Z">
      <class name="com.linkedin.pinot.pql.TestPQL">
        <test-method status="PASS" signature="before()[pri:0, instance:com.linkedin.pinot.pql.TestPQL@52621f0c]" name="before" is-config="true" duration-ms="11" started-at="2014-12-09T11:01:19Z" finished-at="2014-12-09T11:01:19Z">
          <reporter-output>
          </reporter-output>
        </test-method> <!-- before -->
        <test-method status="PASS" signature="simpleTestTwo()[pri:0, instance:com.linkedin.pinot.pql.TestPQL@52621f0c]" name="simpleTestTwo" duration-ms="296" started-at="2014-12-09T11:01:19Z" finished-at="2014-12-09T11:01:19Z">
          <reporter-output>
          </reporter-output>
        </test-method> <!-- simpleTestTwo -->
      </class> <!-- com.linkedin.pinot.pql.TestPQL -->
    </test> <!-- Default test -->
  </suite> <!-- Default suite -->
</testng-results>
