<?xml version="1.0" encoding="UTF-8"?>
<testng-results skipped="0" failed="0" total="1" passed="1">
  <reporter-output>
  </reporter-output>
  <suite name="Default suite" duration-ms="4947" started-at="2014-07-29T23:43:56Z" finished-at="2014-07-29T23:44:01Z">
    <groups>
    </groups>
    <test name="Default test" duration-ms="4947" started-at="2014-07-29T23:43:56Z" finished-at="2014-07-29T23:44:01Z">
      <class name="com.linkedin.pinot.segments.v1.creator.TestSegment">
        <test-method status="PASS" signature="setup()[pri:0, instance:com.linkedin.pinot.segments.v1.creator.TestSegment@122507c2]" name="setup" is-config="true" duration-ms="4695" started-at="2014-07-29T16:43:56Z" finished-at="2014-07-29T16:44:00Z">
          <reporter-output>
          </reporter-output>
        </test-method> <!-- setup -->
        <test-method status="PASS" signature="test1()[pri:0, instance:com.linkedin.pinot.segments.v1.creator.TestSegment@122507c2]" name="test1" duration-ms="223" started-at="2014-07-29T16:44:00Z" finished-at="2014-07-29T16:44:01Z">
          <reporter-output>
          </reporter-output>
        </test-method> <!-- test1 -->
        <test-method status="PASS" signature="teardown()[pri:0, instance:com.linkedin.pinot.segments.v1.creator.TestSegment@122507c2]" name="teardown" is-config="true" duration-ms="0" started-at="2014-07-29T16:44:01Z" finished-at="2014-07-29T16:44:01Z">
          <reporter-output>
          </reporter-output>
        </test-method> <!-- teardown -->
      </class> <!-- com.linkedin.pinot.segments.v1.creator.TestSegment -->
    </test> <!-- Default test -->
  </suite> <!-- Default suite -->
</testng-results>
