<?xml version="1.0" encoding="UTF-8"?>
<testng-results skipped="0" failed="0" total="1" passed="1">
  <reporter-output>
  </reporter-output>
  <suite name="Default suite" duration-ms="5725" started-at="2014-12-09T00:58:39Z" finished-at="2014-12-09T00:58:45Z">
    <groups>
    </groups>
    <test name="Default test" duration-ms="5725" started-at="2014-12-09T00:58:39Z" finished-at="2014-12-09T00:58:45Z">
      <class name="com.linkedin.pinot.core.chunk.creator.impl.TestChunkIndexCreationDriverImpl">
        <test-method status="PASS" signature="setUP()[pri:0, instance:com.linkedin.pinot.core.chunk.creator.impl.TestChunkIndexCreationDriverImpl@2d14a694]" name="setUP" is-config="true" duration-ms="4211" started-at="2014-12-08T16:58:39Z" finished-at="2014-12-08T16:58:43Z">
          <reporter-output>
          </reporter-output>
        </test-method> <!-- setUP -->
        <test-method status="PASS" signature="test7()[pri:0, instance:com.linkedin.pinot.core.chunk.creator.impl.TestChunkIndexCreationDriverImpl@2d14a694]" name="test7" duration-ms="1503" started-at="2014-12-08T16:58:43Z" finished-at="2014-12-08T16:58:45Z">
          <reporter-output>
          </reporter-output>
        </test-method> <!-- test7 -->
      </class> <!-- com.linkedin.pinot.core.chunk.creator.impl.TestChunkIndexCreationDriverImpl -->
    </test> <!-- Default test -->
  </suite> <!-- Default suite -->
</testng-results>
